<?xml version="1.0" encoding="UTF-8"?>
<!-- Generated by org.testng.reporters.JUnitReportReporter -->
<testsuite hostname="LAPTOP-O8GG5075" failures="0" tests="2" name="com.qa.testng.Data$DataProviders" time="0.007" errors="0" timestamp="2022-11-22T11:57:37 IST" skipped="0">
  <testcase classname="com.qa.testng.Data$DataProviders" name="myTest" time="0.006"/>
  <system-out/>
  <testcase classname="com.qa.testng.Data$DataProviders" name="myTest" time="0.001"/>
  <system-out/>
</testsuite> <!-- com.qa.testng.Data$DataProviders -->
