<?xml version="1.0" encoding="UTF-8"?>
<!-- Generated by org.testng.reporters.JUnitReportReporter -->
<testsuite hostname="LAPTOP-O8GG5075" failures="0" tests="5" name="com.qa.testng.TestNGAnnotations" time="0.017" errors="0" timestamp="2022-08-31T22:08:34 IST" skipped="0">
  <testcase classname="com.qa.testng.TestNGAnnotations" name="e_method" time="0.009"/>
  <system-out/>
  <testcase classname="com.qa.testng.TestNGAnnotations" name="a_method" time="0.002"/>
  <system-out/>
  <testcase classname="com.qa.testng.TestNGAnnotations" name="d_method" time="0.002"/>
  <system-out/>
  <testcase classname="com.qa.testng.TestNGAnnotations" name="c_method" time="0.003"/>
  <system-out/>
  <testcase classname="com.qa.testng.TestNGAnnotations" name="b_method" time="0.001"/>
  <system-out/>
</testsuite> <!-- com.qa.testng.TestNGAnnotations -->
