<?xml version="1.0" encoding="UTF-8"?>
<!-- Generated by org.testng.reporters.JUnitReportReporter -->
<testsuite hostname="LAPTOP-O8GG5075" failures="0" tests="1" name="com.testng.group.Personal_loan" time="0.009" errors="0" timestamp="2022-11-18T10:23:42 IST" skipped="0">
  <testcase classname="com.testng.group.Personal_loan" name="WebLoginPersonalLoan" time="0.009"/>
  <system-out/>
</testsuite> <!-- com.testng.group.Personal_loan -->
