<?xml version="1.0" encoding="UTF-8"?>
<!-- Generated by org.testng.reporters.JUnitReportReporter -->
<testsuite hostname="LAPTOP-O8GG5075" failures="0" tests="3" name="com.testng.group.Home_loan" time="0.014" errors="0" timestamp="2022-11-18T10:25:01 IST" skipped="0">
  <testcase classname="com.testng.group.Home_loan" name="WebLoginHomeLoan" time="0.001"/>
  <system-out/>
  <testcase classname="com.testng.group.Home_loan" name="APILoginHomeLoan" time="0.012"/>
  <system-out/>
  <testcase classname="com.testng.group.Home_loan" name="MobileLoginHomeLoan" time="0.001"/>
  <system-out/>
</testsuite> <!-- com.testng.group.Home_loan -->
