<?xml version="1.0" encoding="UTF-8"?>
<!-- Generated by org.testng.reporters.JUnitReportReporter -->
<testsuite hostname="LAPTOP-O8GG5075" failures="0" tests="2" name="com.qa.testng.Data$DP" time="0.013" errors="0" timestamp="2022-09-01T07:08:36 IST" skipped="0">
  <testcase classname="com.qa.testng.Data$DP" name="myTest" time="0.012"/>
  <system-out/>
  <testcase classname="com.qa.testng.Data$DP" name="myTest" time="0.001"/>
  <system-out/>
</testsuite> <!-- com.qa.testng.Data$DP -->
