<?xml version="1.0" encoding="UTF-8"?>
<!-- Generated by org.testng.reporters.JUnitReportReporter -->
<testsuite hostname="LAPTOP-O8GG5075" failures="0" tests="20" name="com.qa.testng.TestngInvocationCount" time="0.029" errors="0" timestamp="2022-08-31T22:17:28 IST" skipped="0">
  <testcase classname="com.qa.testng.TestngInvocationCount" name="testcase2" time="0.000"/>
  <system-out/>
  <testcase classname="com.qa.testng.TestngInvocationCount" name="testcase2" time="0.001"/>
  <system-out/>
  <testcase classname="com.qa.testng.TestngInvocationCount" name="testcase2" time="0.000"/>
  <system-out/>
  <testcase classname="com.qa.testng.TestngInvocationCount" name="testcase1" time="0.001"/>
  <system-out/>
  <testcase classname="com.qa.testng.TestngInvocationCount" name="testcase2" time="0.001"/>
  <system-out/>
  <testcase classname="com.qa.testng.TestngInvocationCount" name="testcase1" time="0.001"/>
  <system-out/>
  <testcase classname="com.qa.testng.TestngInvocationCount" name="testcase1" time="0.001"/>
  <system-out/>
  <testcase classname="com.qa.testng.TestngInvocationCount" name="testcase1" time="0.002"/>
  <system-out/>
  <testcase classname="com.qa.testng.TestngInvocationCount" name="testcase2" time="0.001"/>
  <system-out/>
  <testcase classname="com.qa.testng.TestngInvocationCount" name="testcase2" time="0.000"/>
  <system-out/>
  <testcase classname="com.qa.testng.TestngInvocationCount" name="testcase2" time="0.001"/>
  <system-out/>
  <testcase classname="com.qa.testng.TestngInvocationCount" name="testcase1" time="0.001"/>
  <system-out/>
  <testcase classname="com.qa.testng.TestngInvocationCount" name="testcase2" time="0.002"/>
  <system-out/>
  <testcase classname="com.qa.testng.TestngInvocationCount" name="testcase2" time="0.001"/>
  <system-out/>
  <testcase classname="com.qa.testng.TestngInvocationCount" name="testcase2" time="0.001"/>
  <system-out/>
  <testcase classname="com.qa.testng.TestngInvocationCount" name="testcase1" time="0.001"/>
  <system-out/>
  <testcase classname="com.qa.testng.TestngInvocationCount" name="testcase1" time="0.001"/>
  <system-out/>
  <testcase classname="com.qa.testng.TestngInvocationCount" name="testcase1" time="0.010"/>
  <system-out/>
  <testcase classname="com.qa.testng.TestngInvocationCount" name="testcase1" time="0.002"/>
  <system-out/>
  <testcase classname="com.qa.testng.TestngInvocationCount" name="testcase1" time="0.001"/>
  <system-out/>
</testsuite> <!-- com.qa.testng.TestngInvocationCount -->
